<?xml version="1.0" encoding="UTF-8"?>
<!-- Generated by org.testng.reporters.JUnitReportReporter -->
<testsuite hostname="tas-app-001-d" name="library.AESencrp" tests="1" failures="0" timestamp="29 Jan 2018 02:16:32 GMT" time="8.866" errors="0">
  <testcase name="mainEncryptDecrypt" time="8.866" classname="library.AESencrp"/>
</testsuite> <!-- library.AESencrp -->
